<?xml version="1.0" encoding="UTF-8"?>
<testng-results ignored="0" total="1" passed="1" failed="0" skipped="0">
  <reporter-output>
  </reporter-output>
  <suite started-at="2023-02-07T12:48:42 IST" name="Default suite" finished-at="2023-02-07T12:48:42 IST" duration-ms="55">
    <groups>
    </groups>
    <test started-at="2023-02-07T12:48:42 IST" name="Default test" finished-at="2023-02-07T12:48:42 IST" duration-ms="55">
      <class name="basicTestScript.ToSendAMailAndVerify">
        <test-method is-config="true" signature="bsConfig()[pri:0, instance:basicTestScript.ToSendAMailAndVerify@6392827e]" started-at="2023-02-07T12:48:42 IST" name="bsConfig" finished-at="2023-02-07T12:48:42 IST" duration-ms="13" status="PASS">
          <reporter-output>
          </reporter-output>
        </test-method> <!-- bsConfig -->
        <test-method is-config="true" signature="bcConfig()[pri:0, instance:basicTestScript.ToSendAMailAndVerify@6392827e]" started-at="2023-02-07T12:48:42 IST" name="bcConfig" finished-at="2023-02-07T12:48:42 IST" duration-ms="1" status="PASS">
          <reporter-output>
          </reporter-output>
        </test-method> <!-- bcConfig -->
        <test-method is-config="true" signature="bmConfig()[pri:0, instance:basicTestScript.ToSendAMailAndVerify@6392827e]" started-at="2023-02-07T12:48:42 IST" name="bmConfig" finished-at="2023-02-07T12:48:42 IST" duration-ms="1" status="PASS">
          <reporter-output>
          </reporter-output>
        </test-method> <!-- bmConfig -->
        <test-method signature="sendAMailAndVerify()[pri:0, instance:basicTestScript.ToSendAMailAndVerify@6392827e]" started-at="2023-02-07T12:48:42 IST" name="sendAMailAndVerify" finished-at="2023-02-07T12:48:42 IST" duration-ms="7" status="PASS">
          <reporter-output>
          </reporter-output>
        </test-method> <!-- sendAMailAndVerify -->
        <test-method is-config="true" signature="amConfig()[pri:0, instance:basicTestScript.ToSendAMailAndVerify@6392827e]" started-at="2023-02-07T12:48:42 IST" name="amConfig" finished-at="2023-02-07T12:48:42 IST" duration-ms="0" status="PASS">
          <reporter-output>
          </reporter-output>
        </test-method> <!-- amConfig -->
        <test-method is-config="true" signature="acConfig()[pri:0, instance:basicTestScript.ToSendAMailAndVerify@6392827e]" started-at="2023-02-07T12:48:42 IST" name="acConfig" finished-at="2023-02-07T12:48:42 IST" duration-ms="1" status="PASS">
          <reporter-output>
          </reporter-output>
        </test-method> <!-- acConfig -->
        <test-method is-config="true" signature="asConfig()[pri:0, instance:basicTestScript.ToSendAMailAndVerify@6392827e]" started-at="2023-02-07T12:48:42 IST" name="asConfig" finished-at="2023-02-07T12:48:42 IST" duration-ms="0" status="PASS">
          <reporter-output>
          </reporter-output>
        </test-method> <!-- asConfig -->
      </class> <!-- basicTestScript.ToSendAMailAndVerify -->
    </test> <!-- Default test -->
  </suite> <!-- Default suite -->
</testng-results>
